2025-07-24 17:36:10.2533 | INFO | SpravkoBot_AsSapfir.Program | SpravkoBot_AsSapfir.Program.Main | ========================  Запускаю SpravkoBot_asSapfir. Робот начинает работу.  ======================== 
2025-07-24 17:36:10.2863 | INFO | SpravkoBot_AsSapfir.Program | SpravkoBot_AsSapfir.Program.Main | Инициализация успешно завершена. 
2025-07-24 17:36:10.4570 | INFO | SpravkoBot_AsSapfir.ConfigManager | SpravkoBot_AsSapfir.ConfigManager.LoadConfig | Конфигурация успешно загружена: 0 организаций. 
2025-07-24 17:36:10.4570 | INFO | SpravkoBot_AsSapfir.Program | SpravkoBot_AsSapfir.Program.Main | В папке C:\Users\RobinSapAC\Desktop\02-04-2025\SpravkoBot_AsSapfir\bin\Debug\data\requests\input найдено 1 входящих файл(-а)(-ов) для обработки. 
2025-07-24 17:36:10.4570 | INFO | SpravkoBot_AsSapfir.Program | SpravkoBot_AsSapfir.Program.Main | Обработка заявки: SD2356026+.txt. Начинаю извлечение данных из заявки. 
2025-07-24 17:36:10.4570 | INFO | SpravkoBot_AsSapfir.Program | SpravkoBot_AsSapfir.Program.Main | Данные из заявки извлечены: 
2025-07-24 17:36:10.4570 | INFO | SpravkoBot_AsSapfir.Program | SpravkoBot_AsSapfir.Program.Main | ******************************************** 
2025-07-24 17:36:10.4570 | INFO | SpravkoBot_AsSapfir.Program | SpravkoBot_AsSapfir.Program.Main | * Номер заявки => SD2356026 
2025-07-24 17:36:10.4570 | INFO | SpravkoBot_AsSapfir.Program | SpravkoBot_AsSapfir.Program.Main | * Тип заявки => По одному договору 
2025-07-24 17:36:10.4570 | INFO | SpravkoBot_AsSapfir.Program | SpravkoBot_AsSapfir.Program.Main | * Услуга => ОЦО Акт сверки РГ 
2025-07-24 17:36:10.4570 | INFO | SpravkoBot_AsSapfir.Program | SpravkoBot_AsSapfir.Program.Main | * Организация => ПАО "РусГидро" 
2025-07-24 17:36:10.4570 | INFO | SpravkoBot_AsSapfir.Program | SpravkoBot_AsSapfir.Program.Main | *..........................................* 
2025-07-24 17:36:10.4570 | INFO | SpravkoBot_AsSapfir.Program | SpravkoBot_AsSapfir.Program.Main | * БЕ => Волжская ГЭС 
2025-07-24 17:36:10.4570 | INFO | SpravkoBot_AsSapfir.Program | SpravkoBot_AsSapfir.Program.Main | * ИНН => 1902018248 
2025-07-24 17:36:10.4570 | INFO | SpravkoBot_AsSapfir.Program | SpravkoBot_AsSapfir.Program.Main | * КПП => 190201001 
2025-07-24 17:36:10.4570 | INFO | SpravkoBot_AsSapfir.Program | SpravkoBot_AsSapfir.Program.Main | * Номер (-а) договора в системе => 1010-1452-2022 
2025-07-24 17:36:10.4570 | INFO | SpravkoBot_AsSapfir.Program | SpravkoBot_AsSapfir.Program.Main | * Начало периода => 01.06.2025 
2025-07-24 17:36:10.4570 | INFO | SpravkoBot_AsSapfir.Program | SpravkoBot_AsSapfir.Program.Main | * Конец периода => 30.06.2025 
2025-07-24 17:36:10.4570 | INFO | SpravkoBot_AsSapfir.Program | SpravkoBot_AsSapfir.Program.Main | ********************************************** 
2025-07-24 17:36:10.4660 | INFO | SpravkoBot_AsSapfir.Program | SpravkoBot_AsSapfir.Program.Main | Начинаю конвертирование excel файла в csv: C:\Users\RobinSapAC\Desktop\02-04-2025\SpravkoBot_AsSapfir\bin\Debug\KA\Реестр по всем БЕ.xlsx 
2025-07-24 17:36:11.4151 | INFO | SpravkoBot_AsSapfir.Program | SpravkoBot_AsSapfir.Program.Main | Найдено строк: 1.  
2025-07-24 17:36:11.5008 | INFO | SpravkoBot_AsSapfir.Program | SpravkoBot_AsSapfir.Program.Main | Результаты фильтрации: 
2025-07-24 17:36:11.5008 | INFO | SpravkoBot_AsSapfir.Program | SpravkoBot_AsSapfir.Program.Main | ******************************************** 
2025-07-24 17:36:11.5008 | INFO | SpravkoBot_AsSapfir.Program | SpravkoBot_AsSapfir.Program.Main | Номер: 832 
2025-07-24 17:36:11.5008 | INFO | SpravkoBot_AsSapfir.Program | SpravkoBot_AsSapfir.Program.Main | Филиал ПАО РГ: Волжская ГЭС 
2025-07-24 17:36:11.5008 | INFO | SpravkoBot_AsSapfir.Program | SpravkoBot_AsSapfir.Program.Main | Наименование КА: ТК РусГидро АО 
2025-07-24 17:36:11.5008 | INFO | SpravkoBot_AsSapfir.Program | SpravkoBot_AsSapfir.Program.Main | Номер ДП в САП: 1000008313 
2025-07-24 17:36:11.5008 | INFO | SpravkoBot_AsSapfir.Program | SpravkoBot_AsSapfir.Program.Main | Статус: ЭДО 
2025-07-24 17:36:11.5008 | INFO | SpravkoBot_AsSapfir.Program | SpravkoBot_AsSapfir.Program.Main | Табельный номер подписантов: 90002916 
2025-07-24 17:36:11.5008 | INFO | SpravkoBot_AsSapfir.Program | SpravkoBot_AsSapfir.Program.Main | ******************************************** 
2025-07-24 17:36:18.0152 | INFO | SpravkoBot_AsSapfir.Program | SpravkoBot_AsSapfir.Program.Main | SAP Logon успешно запущен. 
2025-07-24 17:36:18.4935 | INFO | SpravkoBot_AsSapfir.Program | SpravkoBot_AsSapfir.Program.Main | Сессия SAP успешно получена. 
2025-07-24 17:36:20.4535 | INFO | SpravkoBot_AsSapfir.Program | SpravkoBot_AsSapfir.Program.Main | Успешно выполнен вход в SAP. 
2025-07-24 17:36:22.5695 | INFO | SpravkoBot_AsSapfir.Program | SpravkoBot_AsSapfir.Program.Main | Транзакция ZTSF_AKT_SVERKI успешно запущена. 
2025-07-24 17:36:22.5695 | INFO | SpravkoBot_AsSapfir.Program | SpravkoBot_AsSapfir.Program.Main | Успешно выполнен вход и запущена транзакция ZTSF_AKT_SVERKI 
2025-07-24 18:33:53.2381 | INFO | SpravkoBot_AsSapfir.Program | SpravkoBot_AsSapfir.Program.Main | ========================  Запускаю SpravkoBot_asSapfir. Робот начинает работу.  ======================== 
2025-07-24 18:33:53.2651 | INFO | SpravkoBot_AsSapfir.Program | SpravkoBot_AsSapfir.Program.Main | Инициализация успешно завершена. 
2025-07-24 18:33:53.3361 | INFO | SpravkoBot_AsSapfir.ConfigManager | SpravkoBot_AsSapfir.ConfigManager.LoadConfig | Конфигурация успешно загружена: 0 организаций. 
2025-07-24 18:33:53.3361 | INFO | SpravkoBot_AsSapfir.Program | SpravkoBot_AsSapfir.Program.Main | В папке C:\Users\RobinSapAC\Desktop\02-04-2025\SpravkoBot_AsSapfir\bin\Debug\data\requests\input найдено 1 входящих файл(-а)(-ов) для обработки. 
2025-07-24 18:33:53.3361 | INFO | SpravkoBot_AsSapfir.Program | SpravkoBot_AsSapfir.Program.Main | Обработка заявки: SD2356026+.txt. Начинаю извлечение данных из заявки. 
2025-07-24 18:33:53.3361 | INFO | SpravkoBot_AsSapfir.Program | SpravkoBot_AsSapfir.Program.Main | Данные из заявки извлечены: 
2025-07-24 18:33:53.3361 | INFO | SpravkoBot_AsSapfir.Program | SpravkoBot_AsSapfir.Program.Main | ******************************************** 
2025-07-24 18:33:53.3361 | INFO | SpravkoBot_AsSapfir.Program | SpravkoBot_AsSapfir.Program.Main | * Номер заявки => SD2356026 
2025-07-24 18:33:53.3361 | INFO | SpravkoBot_AsSapfir.Program | SpravkoBot_AsSapfir.Program.Main | * Тип заявки => По одному договору 
2025-07-24 18:33:53.3361 | INFO | SpravkoBot_AsSapfir.Program | SpravkoBot_AsSapfir.Program.Main | * Услуга => ОЦО Акт сверки РГ 
2025-07-24 18:33:53.3361 | INFO | SpravkoBot_AsSapfir.Program | SpravkoBot_AsSapfir.Program.Main | * Организация => ПАО "РусГидро" 
2025-07-24 18:33:53.3361 | INFO | SpravkoBot_AsSapfir.Program | SpravkoBot_AsSapfir.Program.Main | *..........................................* 
2025-07-24 18:33:53.3361 | INFO | SpravkoBot_AsSapfir.Program | SpravkoBot_AsSapfir.Program.Main | * БЕ => Волжская ГЭС 
2025-07-24 18:33:53.3361 | INFO | SpravkoBot_AsSapfir.Program | SpravkoBot_AsSapfir.Program.Main | * ИНН => 1902018248 
2025-07-24 18:33:53.3361 | INFO | SpravkoBot_AsSapfir.Program | SpravkoBot_AsSapfir.Program.Main | * КПП => 190201001 
2025-07-24 18:33:53.3361 | INFO | SpravkoBot_AsSapfir.Program | SpravkoBot_AsSapfir.Program.Main | * Номер (-а) договора в системе => 1010-1452-2022 
2025-07-24 18:33:53.3361 | INFO | SpravkoBot_AsSapfir.Program | SpravkoBot_AsSapfir.Program.Main | * Начало периода => 01.06.2025 
2025-07-24 18:33:53.3361 | INFO | SpravkoBot_AsSapfir.Program | SpravkoBot_AsSapfir.Program.Main | * Конец периода => 30.06.2025 
2025-07-24 18:33:53.3361 | INFO | SpravkoBot_AsSapfir.Program | SpravkoBot_AsSapfir.Program.Main | ********************************************** 
2025-07-24 18:33:53.3361 | INFO | SpravkoBot_AsSapfir.Program | SpravkoBot_AsSapfir.Program.Main | Начинаю конвертирование excel файла в csv: C:\Users\RobinSapAC\Desktop\02-04-2025\SpravkoBot_AsSapfir\bin\Debug\KA\Реестр по всем БЕ.xlsx 
2025-07-24 18:33:54.0909 | INFO | SpravkoBot_AsSapfir.Program | SpravkoBot_AsSapfir.Program.Main | Найдено строк: 1.  
2025-07-24 18:33:54.1249 | INFO | SpravkoBot_AsSapfir.Program | SpravkoBot_AsSapfir.Program.Main | Результаты фильтрации: 
2025-07-24 18:33:54.1249 | INFO | SpravkoBot_AsSapfir.Program | SpravkoBot_AsSapfir.Program.Main | ******************************************** 
2025-07-24 18:33:54.1249 | INFO | SpravkoBot_AsSapfir.Program | SpravkoBot_AsSapfir.Program.Main | Номер: 832 
2025-07-24 18:33:54.1249 | INFO | SpravkoBot_AsSapfir.Program | SpravkoBot_AsSapfir.Program.Main | Филиал ПАО РГ: Волжская ГЭС 
2025-07-24 18:33:54.1249 | INFO | SpravkoBot_AsSapfir.Program | SpravkoBot_AsSapfir.Program.Main | Наименование КА: ТК РусГидро АО 
2025-07-24 18:33:54.1249 | INFO | SpravkoBot_AsSapfir.Program | SpravkoBot_AsSapfir.Program.Main | Номер ДП в САП: 1000008313 
2025-07-24 18:33:54.1249 | INFO | SpravkoBot_AsSapfir.Program | SpravkoBot_AsSapfir.Program.Main | Статус: ЭДО 
2025-07-24 18:33:54.1249 | INFO | SpravkoBot_AsSapfir.Program | SpravkoBot_AsSapfir.Program.Main | Табельный номер подписантов: 90002916 
2025-07-24 18:33:54.1249 | INFO | SpravkoBot_AsSapfir.Program | SpravkoBot_AsSapfir.Program.Main | ******************************************** 
2025-07-24 18:33:56.3017 | INFO | SpravkoBot_AsSapfir.Program | SpravkoBot_AsSapfir.Program.Main | SAP Logon успешно запущен. 
2025-07-24 18:35:41.9221 | INFO | SpravkoBot_AsSapfir.Program | SpravkoBot_AsSapfir.Program.Main | ========================  Запускаю SpravkoBot_asSapfir. Робот начинает работу.  ======================== 
2025-07-24 18:35:41.9491 | INFO | SpravkoBot_AsSapfir.Program | SpravkoBot_AsSapfir.Program.Main | Инициализация успешно завершена. 
2025-07-24 18:35:41.9871 | INFO | SpravkoBot_AsSapfir.ConfigManager | SpravkoBot_AsSapfir.ConfigManager.LoadConfig | Конфигурация успешно загружена: 0 организаций. 
2025-07-24 18:35:41.9871 | INFO | SpravkoBot_AsSapfir.Program | SpravkoBot_AsSapfir.Program.Main | В папке C:\Users\RobinSapAC\Desktop\02-04-2025\SpravkoBot_AsSapfir\bin\Debug\data\requests\input найдено 1 входящих файл(-а)(-ов) для обработки. 
2025-07-24 18:35:41.9871 | INFO | SpravkoBot_AsSapfir.Program | SpravkoBot_AsSapfir.Program.Main | Обработка заявки: SD2356026+.txt. Начинаю извлечение данных из заявки. 
2025-07-24 18:35:41.9901 | INFO | SpravkoBot_AsSapfir.Program | SpravkoBot_AsSapfir.Program.Main | Данные из заявки извлечены: 
2025-07-24 18:35:41.9901 | INFO | SpravkoBot_AsSapfir.Program | SpravkoBot_AsSapfir.Program.Main | ******************************************** 
2025-07-24 18:35:41.9901 | INFO | SpravkoBot_AsSapfir.Program | SpravkoBot_AsSapfir.Program.Main | * Номер заявки => SD2356026 
2025-07-24 18:35:41.9901 | INFO | SpravkoBot_AsSapfir.Program | SpravkoBot_AsSapfir.Program.Main | * Тип заявки => По одному договору 
2025-07-24 18:35:41.9901 | INFO | SpravkoBot_AsSapfir.Program | SpravkoBot_AsSapfir.Program.Main | * Услуга => ОЦО Акт сверки РГ 
2025-07-24 18:35:41.9901 | INFO | SpravkoBot_AsSapfir.Program | SpravkoBot_AsSapfir.Program.Main | * Организация => ПАО "РусГидро" 
2025-07-24 18:35:41.9901 | INFO | SpravkoBot_AsSapfir.Program | SpravkoBot_AsSapfir.Program.Main | *..........................................* 
2025-07-24 18:35:41.9901 | INFO | SpravkoBot_AsSapfir.Program | SpravkoBot_AsSapfir.Program.Main | * БЕ => Волжская ГЭС 
2025-07-24 18:35:41.9901 | INFO | SpravkoBot_AsSapfir.Program | SpravkoBot_AsSapfir.Program.Main | * ИНН => 1902018248 
2025-07-24 18:35:41.9901 | INFO | SpravkoBot_AsSapfir.Program | SpravkoBot_AsSapfir.Program.Main | * КПП => 190201001 
2025-07-24 18:35:41.9901 | INFO | SpravkoBot_AsSapfir.Program | SpravkoBot_AsSapfir.Program.Main | * Номер (-а) договора в системе => 1010-1452-2022 
2025-07-24 18:35:41.9901 | INFO | SpravkoBot_AsSapfir.Program | SpravkoBot_AsSapfir.Program.Main | * Начало периода => 01.06.2025 
2025-07-24 18:35:41.9901 | INFO | SpravkoBot_AsSapfir.Program | SpravkoBot_AsSapfir.Program.Main | * Конец периода => 30.06.2025 
2025-07-24 18:35:41.9901 | INFO | SpravkoBot_AsSapfir.Program | SpravkoBot_AsSapfir.Program.Main | ********************************************** 
2025-07-24 18:35:41.9901 | INFO | SpravkoBot_AsSapfir.Program | SpravkoBot_AsSapfir.Program.Main | Начинаю конвертирование excel файла в csv: C:\Users\RobinSapAC\Desktop\02-04-2025\SpravkoBot_AsSapfir\bin\Debug\KA\Реестр по всем БЕ.xlsx 
2025-07-24 18:35:42.7395 | INFO | SpravkoBot_AsSapfir.Program | SpravkoBot_AsSapfir.Program.Main | Найдено строк: 1.  
2025-07-24 18:35:42.7694 | INFO | SpravkoBot_AsSapfir.Program | SpravkoBot_AsSapfir.Program.Main | Результаты фильтрации: 
2025-07-24 18:35:42.7694 | INFO | SpravkoBot_AsSapfir.Program | SpravkoBot_AsSapfir.Program.Main | ******************************************** 
2025-07-24 18:35:42.7694 | INFO | SpravkoBot_AsSapfir.Program | SpravkoBot_AsSapfir.Program.Main | Номер: 832 
2025-07-24 18:35:42.7694 | INFO | SpravkoBot_AsSapfir.Program | SpravkoBot_AsSapfir.Program.Main | Филиал ПАО РГ: Волжская ГЭС 
2025-07-24 18:35:42.7694 | INFO | SpravkoBot_AsSapfir.Program | SpravkoBot_AsSapfir.Program.Main | Наименование КА: ТК РусГидро АО 
2025-07-24 18:35:42.7694 | INFO | SpravkoBot_AsSapfir.Program | SpravkoBot_AsSapfir.Program.Main | Номер ДП в САП: 1000008313 
2025-07-24 18:35:42.7694 | INFO | SpravkoBot_AsSapfir.Program | SpravkoBot_AsSapfir.Program.Main | Статус: ЭДО 
2025-07-24 18:35:42.7694 | INFO | SpravkoBot_AsSapfir.Program | SpravkoBot_AsSapfir.Program.Main | Табельный номер подписантов: 90002916 
2025-07-24 18:35:42.7694 | INFO | SpravkoBot_AsSapfir.Program | SpravkoBot_AsSapfir.Program.Main | ******************************************** 
2025-07-24 18:35:49.1231 | INFO | SpravkoBot_AsSapfir.Program | SpravkoBot_AsSapfir.Program.Main | SAP Logon успешно запущен. 
2025-07-24 18:35:56.2948 | INFO | SpravkoBot_AsSapfir.Program | SpravkoBot_AsSapfir.Program.Main | Сессия SAP успешно получена. 
2025-07-24 18:38:48.4504 | INFO | SpravkoBot_AsSapfir.Program | SpravkoBot_AsSapfir.Program.Main | ========================  Запускаю SpravkoBot_asSapfir. Робот начинает работу.  ======================== 
2025-07-24 18:38:48.4794 | INFO | SpravkoBot_AsSapfir.Program | SpravkoBot_AsSapfir.Program.Main | Инициализация успешно завершена. 
2025-07-24 18:38:48.5234 | INFO | SpravkoBot_AsSapfir.ConfigManager | SpravkoBot_AsSapfir.ConfigManager.LoadConfig | Конфигурация успешно загружена: 0 организаций. 
2025-07-24 18:38:48.5234 | INFO | SpravkoBot_AsSapfir.Program | SpravkoBot_AsSapfir.Program.Main | В папке C:\Users\RobinSapAC\Desktop\02-04-2025\SpravkoBot_AsSapfir\bin\Debug\data\requests\input найдено 1 входящих файл(-а)(-ов) для обработки. 
2025-07-24 18:38:48.5234 | INFO | SpravkoBot_AsSapfir.Program | SpravkoBot_AsSapfir.Program.Main | Обработка заявки: SD2356026+.txt. Начинаю извлечение данных из заявки. 
2025-07-24 18:38:48.5234 | INFO | SpravkoBot_AsSapfir.Program | SpravkoBot_AsSapfir.Program.Main | Данные из заявки извлечены: 
2025-07-24 18:38:48.5234 | INFO | SpravkoBot_AsSapfir.Program | SpravkoBot_AsSapfir.Program.Main | ******************************************** 
2025-07-24 18:38:48.5234 | INFO | SpravkoBot_AsSapfir.Program | SpravkoBot_AsSapfir.Program.Main | * Номер заявки => SD2356026 
2025-07-24 18:38:48.5234 | INFO | SpravkoBot_AsSapfir.Program | SpravkoBot_AsSapfir.Program.Main | * Тип заявки => По одному договору 
2025-07-24 18:38:48.5234 | INFO | SpravkoBot_AsSapfir.Program | SpravkoBot_AsSapfir.Program.Main | * Услуга => ОЦО Акт сверки РГ 
2025-07-24 18:38:48.5234 | INFO | SpravkoBot_AsSapfir.Program | SpravkoBot_AsSapfir.Program.Main | * Организация => ПАО "РусГидро" 
2025-07-24 18:38:48.5234 | INFO | SpravkoBot_AsSapfir.Program | SpravkoBot_AsSapfir.Program.Main | *..........................................* 
2025-07-24 18:38:48.5234 | INFO | SpravkoBot_AsSapfir.Program | SpravkoBot_AsSapfir.Program.Main | * БЕ => Волжская ГЭС 
2025-07-24 18:38:48.5234 | INFO | SpravkoBot_AsSapfir.Program | SpravkoBot_AsSapfir.Program.Main | * ИНН => 1902018248 
2025-07-24 18:38:48.5234 | INFO | SpravkoBot_AsSapfir.Program | SpravkoBot_AsSapfir.Program.Main | * КПП => 190201001 
2025-07-24 18:38:48.5234 | INFO | SpravkoBot_AsSapfir.Program | SpravkoBot_AsSapfir.Program.Main | * Номер (-а) договора в системе => 1010-1452-2022 
2025-07-24 18:38:48.5234 | INFO | SpravkoBot_AsSapfir.Program | SpravkoBot_AsSapfir.Program.Main | * Начало периода => 01.06.2025 
2025-07-24 18:38:48.5234 | INFO | SpravkoBot_AsSapfir.Program | SpravkoBot_AsSapfir.Program.Main | * Конец периода => 30.06.2025 
2025-07-24 18:38:48.5234 | INFO | SpravkoBot_AsSapfir.Program | SpravkoBot_AsSapfir.Program.Main | ********************************************** 
2025-07-24 18:38:48.5234 | INFO | SpravkoBot_AsSapfir.Program | SpravkoBot_AsSapfir.Program.Main | Начинаю конвертирование excel файла в csv: C:\Users\RobinSapAC\Desktop\02-04-2025\SpravkoBot_AsSapfir\bin\Debug\KA\Реестр по всем БЕ.xlsx 
2025-07-24 18:38:49.3329 | INFO | SpravkoBot_AsSapfir.Program | SpravkoBot_AsSapfir.Program.Main | Найдено строк: 1.  
2025-07-24 18:38:49.3674 | INFO | SpravkoBot_AsSapfir.Program | SpravkoBot_AsSapfir.Program.Main | Результаты фильтрации: 
2025-07-24 18:38:49.3674 | INFO | SpravkoBot_AsSapfir.Program | SpravkoBot_AsSapfir.Program.Main | ******************************************** 
2025-07-24 18:38:49.3674 | INFO | SpravkoBot_AsSapfir.Program | SpravkoBot_AsSapfir.Program.Main | Номер: 832 
2025-07-24 18:38:49.3674 | INFO | SpravkoBot_AsSapfir.Program | SpravkoBot_AsSapfir.Program.Main | Филиал ПАО РГ: Волжская ГЭС 
2025-07-24 18:38:49.3674 | INFO | SpravkoBot_AsSapfir.Program | SpravkoBot_AsSapfir.Program.Main | Наименование КА: ТК РусГидро АО 
2025-07-24 18:38:49.3674 | INFO | SpravkoBot_AsSapfir.Program | SpravkoBot_AsSapfir.Program.Main | Номер ДП в САП: 1000008313 
2025-07-24 18:38:49.3674 | INFO | SpravkoBot_AsSapfir.Program | SpravkoBot_AsSapfir.Program.Main | Статус: ЭДО 
2025-07-24 18:38:49.3674 | INFO | SpravkoBot_AsSapfir.Program | SpravkoBot_AsSapfir.Program.Main | Табельный номер подписантов: 90002916 
2025-07-24 18:38:49.3674 | INFO | SpravkoBot_AsSapfir.Program | SpravkoBot_AsSapfir.Program.Main | ******************************************** 
2025-07-24 18:38:51.5701 | INFO | SpravkoBot_AsSapfir.Program | SpravkoBot_AsSapfir.Program.Main | SAP Logon успешно запущен. 
2025-07-24 18:38:58.7985 | INFO | SpravkoBot_AsSapfir.Program | SpravkoBot_AsSapfir.Program.Main | Сессия SAP успешно получена. 
2025-07-24 18:39:04.4714 | INFO | SpravkoBot_AsSapfir.Program | SpravkoBot_AsSapfir.Program.Main | Успешно выполнен вход в SAP. 
2025-07-24 18:39:09.4643 | INFO | SpravkoBot_AsSapfir.Program | SpravkoBot_AsSapfir.Program.Main | Транзакция ZTSF_AKT_SVERKI успешно запущена. 
2025-07-24 18:39:10.1848 | INFO | SpravkoBot_AsSapfir.Program | SpravkoBot_AsSapfir.Program.Main | Успешно выполнен вход и запущена транзакция ZTSF_AKT_SVERKI 
2025-07-24 18:44:15.0749 | INFO | SpravkoBot_AsSapfir.Program | SpravkoBot_AsSapfir.Program.Main | ========================  Запускаю SpravkoBot_asSapfir. Робот начинает работу.  ======================== 
2025-07-24 18:44:15.1029 | INFO | SpravkoBot_AsSapfir.Program | SpravkoBot_AsSapfir.Program.Main | Инициализация успешно завершена. 
2025-07-24 18:44:15.1429 | INFO | SpravkoBot_AsSapfir.ConfigManager | SpravkoBot_AsSapfir.ConfigManager.LoadConfig | Конфигурация успешно загружена: 0 организаций. 
2025-07-24 18:44:15.1429 | INFO | SpravkoBot_AsSapfir.Program | SpravkoBot_AsSapfir.Program.Main | В папке C:\Users\RobinSapAC\Desktop\02-04-2025\SpravkoBot_AsSapfir\bin\Debug\data\requests\input найдено 1 входящих файл(-а)(-ов) для обработки. 
2025-07-24 18:44:15.1429 | INFO | SpravkoBot_AsSapfir.Program | SpravkoBot_AsSapfir.Program.Main | Обработка заявки: SD2356026+.txt. Начинаю извлечение данных из заявки. 
2025-07-24 18:44:15.1429 | INFO | SpravkoBot_AsSapfir.Program | SpravkoBot_AsSapfir.Program.Main | Данные из заявки извлечены: 
2025-07-24 18:44:15.1429 | INFO | SpravkoBot_AsSapfir.Program | SpravkoBot_AsSapfir.Program.Main | ******************************************** 
2025-07-24 18:44:15.1429 | INFO | SpravkoBot_AsSapfir.Program | SpravkoBot_AsSapfir.Program.Main | * Номер заявки => SD2356026 
2025-07-24 18:44:15.1429 | INFO | SpravkoBot_AsSapfir.Program | SpravkoBot_AsSapfir.Program.Main | * Тип заявки => По одному договору 
2025-07-24 18:44:15.1429 | INFO | SpravkoBot_AsSapfir.Program | SpravkoBot_AsSapfir.Program.Main | * Услуга => ОЦО Акт сверки РГ 
2025-07-24 18:44:15.1429 | INFO | SpravkoBot_AsSapfir.Program | SpravkoBot_AsSapfir.Program.Main | * Организация => ПАО "РусГидро" 
2025-07-24 18:44:15.1429 | INFO | SpravkoBot_AsSapfir.Program | SpravkoBot_AsSapfir.Program.Main | *..........................................* 
2025-07-24 18:44:15.1429 | INFO | SpravkoBot_AsSapfir.Program | SpravkoBot_AsSapfir.Program.Main | * БЕ => Волжская ГЭС 
2025-07-24 18:44:15.1429 | INFO | SpravkoBot_AsSapfir.Program | SpravkoBot_AsSapfir.Program.Main | * ИНН => 1902018248 
2025-07-24 18:44:15.1429 | INFO | SpravkoBot_AsSapfir.Program | SpravkoBot_AsSapfir.Program.Main | * КПП => 190201001 
2025-07-24 18:44:15.1429 | INFO | SpravkoBot_AsSapfir.Program | SpravkoBot_AsSapfir.Program.Main | * Номер (-а) договора в системе => 1010-1452-2022 
2025-07-24 18:44:15.1429 | INFO | SpravkoBot_AsSapfir.Program | SpravkoBot_AsSapfir.Program.Main | * Начало периода => 01.06.2025 
2025-07-24 18:44:15.1429 | INFO | SpravkoBot_AsSapfir.Program | SpravkoBot_AsSapfir.Program.Main | * Конец периода => 30.06.2025 
2025-07-24 18:44:15.1429 | INFO | SpravkoBot_AsSapfir.Program | SpravkoBot_AsSapfir.Program.Main | ********************************************** 
2025-07-24 18:44:15.1429 | INFO | SpravkoBot_AsSapfir.Program | SpravkoBot_AsSapfir.Program.Main | Начинаю конвертирование excel файла в csv: C:\Users\RobinSapAC\Desktop\02-04-2025\SpravkoBot_AsSapfir\bin\Debug\KA\Реестр по всем БЕ.xlsx 
2025-07-24 18:44:15.9144 | INFO | SpravkoBot_AsSapfir.Program | SpravkoBot_AsSapfir.Program.Main | Найдено строк: 1.  
2025-07-24 18:44:15.9464 | INFO | SpravkoBot_AsSapfir.Program | SpravkoBot_AsSapfir.Program.Main | Результаты фильтрации: 
2025-07-24 18:44:15.9464 | INFO | SpravkoBot_AsSapfir.Program | SpravkoBot_AsSapfir.Program.Main | ******************************************** 
2025-07-24 18:44:15.9464 | INFO | SpravkoBot_AsSapfir.Program | SpravkoBot_AsSapfir.Program.Main | Номер: 832 
2025-07-24 18:44:15.9464 | INFO | SpravkoBot_AsSapfir.Program | SpravkoBot_AsSapfir.Program.Main | Филиал ПАО РГ: Волжская ГЭС 
2025-07-24 18:44:15.9464 | INFO | SpravkoBot_AsSapfir.Program | SpravkoBot_AsSapfir.Program.Main | Наименование КА: ТК РусГидро АО 
2025-07-24 18:44:15.9464 | INFO | SpravkoBot_AsSapfir.Program | SpravkoBot_AsSapfir.Program.Main | Номер ДП в САП: 1000008313 
2025-07-24 18:44:15.9464 | INFO | SpravkoBot_AsSapfir.Program | SpravkoBot_AsSapfir.Program.Main | Статус: ЭДО 
2025-07-24 18:44:15.9464 | INFO | SpravkoBot_AsSapfir.Program | SpravkoBot_AsSapfir.Program.Main | Табельный номер подписантов: 90002916 
2025-07-24 18:44:15.9464 | INFO | SpravkoBot_AsSapfir.Program | SpravkoBot_AsSapfir.Program.Main | ******************************************** 
2025-07-24 18:44:22.4282 | INFO | SpravkoBot_AsSapfir.Program | SpravkoBot_AsSapfir.Program.Main | SAP Logon успешно запущен. 
2025-07-24 18:44:34.4284 | INFO | SpravkoBot_AsSapfir.Program | SpravkoBot_AsSapfir.Program.Main | Сессия SAP успешно получена. 
2025-07-24 18:44:35.0960 | INFO | SpravkoBot_AsSapfir.Program | SpravkoBot_AsSapfir.Program.Main | Успешно выполнен вход в SAP. 
2025-07-24 18:44:37.1536 | INFO | SpravkoBot_AsSapfir.Program | SpravkoBot_AsSapfir.Program.Main | Транзакция ZTSF_AKT_SVERKI успешно запущена. 
2025-07-24 18:44:37.1536 | INFO | SpravkoBot_AsSapfir.Program | SpravkoBot_AsSapfir.Program.Main | Успешно выполнен вход и запущена транзакция ZTSF_AKT_SVERKI 
